/*C4*/SET SCHEMA PUBLIC
CREATE TABLE Manufacturers (\u000a  id INTEGER IDENTITY PRIMARY KEY,\u000a  manufacturer VARCHAR(32) NOT NULL\u000a)
CREATE TABLE Cars (\u000a  id INTEGER IDENTITY PRIMARY KEY,\u000a  model VARCHAR(255) NOT NULL,\u000a  year INTEGER NOT NULL,\u000a  transmission VARCHAR(32) NOT NULL,\u000a  horsepower INTEGER NOT NULL,\u000a  manufacturer_id INTEGER NOT NULL,\u000a  FOREIGN KEY (manufacturer_id) REFERENCES Manufacturers(id)\u000a)
INSERT INTO MANUFACTURERS VALUES(0,'Nissan')
COMMIT
INSERT INTO MANUFACTURERS VALUES(1,'Toyota')
COMMIT
INSERT INTO MANUFACTURERS VALUES(2,'Porche')
COMMIT
INSERT INTO CARS VALUES(2,'GTR Skyline R32',1993,'Manual',276,0)
INSERT INTO CARS VALUES(3,'GTR Silvia S13',1990,'Manual',202,0)
COMMIT
drop table cars
create table Cars (\u000aid INT PRIMARY KEY IDENTITY,\u000amodel VARCHAR(255) NOT NULL,\u000ayear INT NOT NULL,\u000atransmission VARCHAR(32) NOT NULL,\u000ahorsepower INT NOT NULL,\u000amanufacturer_id INT NOT NULL,\u000aFOREIGN KEY (manufacturer_id) REFERENCES Manufacturers(id)\u000a)
INSERT INTO CARS VALUES(0,'GT-R Skyline R32',1993,'Manual',276,0)
INSERT INTO CARS VALUES(1,'Silvia S13',1990,'Manual',202,0)
COMMIT
/*C5*/SET SCHEMA PUBLIC
DISCONNECT
/*C6*/SET SCHEMA PUBLIC
DISCONNECT
/*C7*/SET SCHEMA PUBLIC
DISCONNECT
/*C8*/SET SCHEMA PUBLIC
DISCONNECT
/*C9*/SET SCHEMA PUBLIC
DISCONNECT
/*C10*/SET SCHEMA PUBLIC
DISCONNECT
/*C11*/SET SCHEMA PUBLIC
DISCONNECT
/*C12*/SET SCHEMA PUBLIC
DISCONNECT
/*C13*/SET SCHEMA PUBLIC
DISCONNECT
/*C15*/SET SCHEMA PUBLIC
DISCONNECT
/*C14*/SET SCHEMA PUBLIC
DISCONNECT
/*C16*/SET SCHEMA PUBLIC
DISCONNECT
/*C17*/SET SCHEMA PUBLIC
DISCONNECT
/*C18*/SET SCHEMA PUBLIC
DISCONNECT
/*C19*/SET SCHEMA PUBLIC
DISCONNECT
